<?xml version="1.0" encoding="UTF-8"?>
<!-- Generated by org.testng.reporters.JUnitReportReporter -->
<testsuite hostname="LAPTOP-B0R468S9" failures="0" tests="2" name="com.eBayTestPages.eBayHomePageTest.EbayHomePageTest" time="13.254" errors="0" timestamp="2022-07-24T15:23:24 EDT" skipped="1">
  <testcase classname="com.eBayTestPages.eBayHomePageTest.EbayHomePageTest" name="verifyEbaySearchBox" time="13.254"/>
  <system-out/>
  <testcase classname="com.eBayTestPages.eBayHomePageTest.EbayHomePageTest" name="getDataFromExcelSheet">
    <skipped/>
  </testcase> <!-- getDataFromExcelSheet -->
  <system-out/>
</testsuite> <!-- com.eBayTestPages.eBayHomePageTest.EbayHomePageTest -->
